# JRE version: Java(TM) SE Runtime Environment (8.0_171-b11) (build 1.8.0_171-b11)
# Java VM: Java HotSpot(TM) 64-Bit Server VM (25.171-b11 mixed mode linux-amd64 compressed oops)
Heap:
 PSYoungGen      total 513024K, used 2256K [0x000000076ab00000, 0x000000078b200000, 0x00000007c0000000)
  eden space 495104K, 0% used [0x000000076ab00000,0x000000076ab00000,0x0000000788e80000)
  from space 17920K, 12% used [0x0000000788e80000,0x00000007890b4010,0x000000078a000000)
  to   space 17408K, 0% used [0x000000078a000000,0x000000078a000000,0x000000078b100000)
 ParOldGen       total 165376K, used 18486K [0x00000006c0000000, 0x00000006ca180000, 0x000000076ab00000)
  object space 165376K, 11% used [0x00000006c0000000,0x00000006c120dbd8,0x00000006ca180000)
 Metaspace       used 43584K, capacity 44588K, committed 44928K, reserved 1089536K
  class space    used 5143K, capacity 5402K, committed 5504K, reserved 1048576K
GC Heap History (10 events):
Event: 2.533 GC heap after
Heap after GC invocations=4 (full 0):
 PSYoungGen      total 134144K, used 10232K [0x000000076ab00000, 0x0000000773800000, 0x00000007c0000000)
  eden space 123904K, 0% used [0x000000076ab00000,0x000000076ab00000,0x0000000772400000)
  from space 10240K, 99% used [0x0000000772e00000,0x00000007737fe230,0x0000000773800000)
  to   space 10240K, 0% used [0x0000000772400000,0x0000000772400000,0x0000000772e00000)
 ParOldGen       total 165376K, used 8813K [0x00000006c0000000, 0x00000006ca180000, 0x000000076ab00000)
  object space 165376K, 5% used [0x00000006c0000000,0x00000006c089b418,0x00000006ca180000)
 Metaspace       used 34332K, capacity 34832K, committed 35456K, reserved 1079296K
  class space    used 4516K, capacity 4662K, committed 4736K, reserved 1048576K
}
Event: 3.659 GC heap before
{Heap before GC invocations=5 (full 0):
 PSYoungGen      total 134144K, used 134136K [0x000000076ab00000, 0x0000000773800000, 0x00000007c0000000)
  eden space 123904K, 100% used [0x000000076ab00000,0x0000000772400000,0x0000000772400000)
  from space 10240K, 99% used [0x0000000772e00000,0x00000007737fe230,0x0000000773800000)
  to   space 10240K, 0% used [0x0000000772400000,0x0000000772400000,0x0000000772e00000)
 ParOldGen       total 165376K, used 8813K [0x00000006c0000000, 0x00000006ca180000, 0x000000076ab00000)
  object space 165376K, 5% used [0x00000006c0000000,0x00000006c089b418,0x00000006ca180000)
 Metaspace       used 37069K, capacity 37634K, committed 38016K, reserved 1083392K
  class space    used 4715K, capacity 4871K, committed 4992K, reserved 1048576K
Event: 3.670 GC heap after
Heap after GC invocations=5 (full 0):
 PSYoungGen      total 134144K, used 10227K [0x000000076ab00000, 0x000000077c000000, 0x00000007c0000000)
  eden space 123904K, 0% used [0x000000076ab00000,0x000000076ab00000,0x0000000772400000)
  from space 10240K, 99% used [0x0000000772400000,0x0000000772dfcf30,0x0000000772e00000)
  to   space 17920K, 0% used [0x000000077ae80000,0x000000077ae80000,0x000000077c000000)
 ParOldGen       total 165376K, used 9190K [0x00000006c0000000, 0x00000006ca180000, 0x000000076ab00000)
  object space 165376K, 5% used [0x00000006c0000000,0x00000006c08f9910,0x00000006ca180000)
 Metaspace       used 37069K, capacity 37634K, committed 38016K, reserved 1083392K
  class space    used 4715K, capacity 4871K, committed 4992K, reserved 1048576K
}
Event: 4.502 GC heap before
{Heap before GC invocations=6 (full 0):
 PSYoungGen      total 134144K, used 134131K [0x000000076ab00000, 0x000000077c000000, 0x00000007c0000000)
  eden space 123904K, 100% used [0x000000076ab00000,0x0000000772400000,0x0000000772400000)
  from space 10240K, 99% used [0x0000000772400000,0x0000000772dfcf30,0x0000000772e00000)
  to   space 17920K, 0% used [0x000000077ae80000,0x000000077ae80000,0x000000077c000000)
 ParOldGen       total 165376K, used 9190K [0x00000006c0000000, 0x00000006ca180000, 0x000000076ab00000)
  object space 165376K, 5% used [0x00000006c0000000,0x00000006c08f9910,0x00000006ca180000)
 Metaspace       used 38310K, capacity 38984K, committed 39296K, reserved 1083392K
  class space    used 4775K, capacity 4944K, committed 4992K, reserved 1048576K
Event: 4.524 GC heap after
Heap after GC invocations=6 (full 0):
 PSYoungGen      total 263680K, used 10303K [0x000000076ab00000, 0x000000077be00000, 0x00000007c0000000)
  eden space 247808K, 0% used [0x000000076ab00000,0x000000076ab00000,0x0000000779d00000)
  from space 15872K, 64% used [0x000000077ae80000,0x000000077b88fdf8,0x000000077be00000)
  to   space 16896K, 0% used [0x0000000779d00000,0x0000000779d00000,0x000000077ad80000)
 ParOldGen       total 165376K, used 9206K [0x00000006c0000000, 0x00000006ca180000, 0x000000076ab00000)
  object space 165376K, 5% used [0x00000006c0000000,0x00000006c08fd910,0x00000006ca180000)
 Metaspace       used 38310K, capacity 38984K, committed 39296K, reserved 1083392K
  class space    used 4775K, capacity 4944K, committed 4992K, reserved 1048576K
}
Event: 5.780 GC heap before
{Heap before GC invocations=7 (full 0):
 PSYoungGen      total 263680K, used 258111K [0x000000076ab00000, 0x000000077be00000, 0x00000007c0000000)
  eden space 247808K, 100% used [0x000000076ab00000,0x0000000779d00000,0x0000000779d00000)
  from space 15872K, 64% used [0x000000077ae80000,0x000000077b88fdf8,0x000000077be00000)
  to   space 16896K, 0% used [0x0000000779d00000,0x0000000779d00000,0x000000077ad80000)
 ParOldGen       total 165376K, used 9206K [0x00000006c0000000, 0x00000006ca180000, 0x000000076ab00000)
  object space 165376K, 5% used [0x00000006c0000000,0x00000006c08fd910,0x00000006ca180000)
 Metaspace       used 40215K, capacity 41038K, committed 41216K, reserved 1085440K
  class space    used 4903K, capacity 5089K, committed 5120K, reserved 1048576K
Event: 5.801 GC heap after
Heap after GC invocations=7 (full 0):
 PSYoungGen      total 264704K, used 5482K [0x000000076ab00000, 0x000000078b100000, 0x00000007c0000000)
  eden space 247808K, 0% used [0x000000076ab00000,0x000000076ab00000,0x0000000779d00000)
  from space 16896K, 32% used [0x0000000779d00000,0x000000077a25aad0,0x000000077ad80000)
  to   space 17408K, 0% used [0x000000078a000000,0x000000078a000000,0x000000078b100000)
 ParOldGen       total 165376K, used 14211K [0x00000006c0000000, 0x00000006ca180000, 0x000000076ab00000)
  object space 165376K, 8% used [0x00000006c0000000,0x00000006c0de0e88,0x00000006ca180000)
 Metaspace       used 40215K, capacity 41038K, committed 41216K, reserved 1085440K
  class space    used 4903K, capacity 5089K, committed 5120K, reserved 1048576K
}
Event: 6.936 GC heap before
{Heap before GC invocations=8 (full 0):
 PSYoungGen      total 264704K, used 253290K [0x000000076ab00000, 0x000000078b100000, 0x00000007c0000000)
  eden space 247808K, 100% used [0x000000076ab00000,0x0000000779d00000,0x0000000779d00000)
  from space 16896K, 32% used [0x0000000779d00000,0x000000077a25aad0,0x000000077ad80000)
  to   space 17408K, 0% used [0x000000078a000000,0x000000078a000000,0x000000078b100000)
 ParOldGen       total 165376K, used 14211K [0x00000006c0000000, 0x00000006ca180000, 0x000000076ab00000)
  object space 165376K, 8% used [0x00000006c0000000,0x00000006c0de0e88,0x00000006ca180000)
 Metaspace       used 41565K, capacity 42444K, committed 42624K, reserved 1087488K
  class space    used 4989K, capacity 5182K, committed 5248K, reserved 1048576K
Event: 6.945 GC heap after
Heap after GC invocations=8 (full 0):
 PSYoungGen      total 512512K, used 2352K [0x000000076ab00000, 0x000000078b200000, 0x00000007c0000000)
  eden space 495104K, 0% used [0x000000076ab00000,0x000000076ab00000,0x0000000788e80000)
  from space 17408K, 13% used [0x000000078a000000,0x000000078a24c010,0x000000078b100000)
  to   space 17920K, 0% used [0x0000000788e80000,0x0000000788e80000,0x000000078a000000)
 ParOldGen       total 165376K, used 17726K [0x00000006c0000000, 0x00000006ca180000, 0x000000076ab00000)
  object space 165376K, 10% used [0x00000006c0000000,0x00000006c114fbd8,0x00000006ca180000)
 Metaspace       used 41565K, capacity 42444K, committed 42624K, reserved 1087488K
  class space    used 4989K, capacity 5182K, committed 5248K, reserved 1048576K
}
Event: 9.142 GC heap before
{Heap before GC invocations=9 (full 0):
 PSYoungGen      total 512512K, used 497456K [0x000000076ab00000, 0x000000078b200000, 0x00000007c0000000)
  eden space 495104K, 100% used [0x000000076ab00000,0x0000000788e80000,0x0000000788e80000)
  from space 17408K, 13% used [0x000000078a000000,0x000000078a24c010,0x000000078b100000)
  to   space 17920K, 0% used [0x0000000788e80000,0x0000000788e80000,0x000000078a000000)
 ParOldGen       total 165376K, used 17726K [0x00000006c0000000, 0x00000006ca180000, 0x000000076ab00000)
  object space 165376K, 10% used [0x00000006c0000000,0x00000006c114fbd8,0x00000006ca180000)
 Metaspace       used 43584K, capacity 44588K, committed 44928K, reserved 1089536K
  class space    used 5143K, capacity 5402K, committed 5504K, reserved 1048576K

